<?xml version="1.0" encoding="UTF-8"?>
<testsuite xmlns:xsi="http://www.w3.org/2001/XMLSchema-instance" xsi:noNamespaceSchemaLocation="https://maven.apache.org/surefire/maven-surefire-plugin/xsd/surefire-test-report-3.0.xsd" version="3.0" name="com.feria.GestorFeriaTest" time="0.795" tests="8" errors="0" skipped="0" failures="0">
  <properties>
[...]
</properties>
  <testcase name="registrarVenta_stockSuficientePostVenta_noNotificaObservador" classname="com.feria.GestorFeriaTest" time="0.737">
    <system-out><![CDATA[Emprendedor registrado con 1 productos
Venta registrada. Nuevo stock: 49
]]></system-out>
  </testcase>
  <testcase name="registrarVenta_stockBajoResultante_notificaObservador" classname="com.feria.GestorFeriaTest" time="0.009">
    <system-out><![CDATA[Emprendedor registrado con 1 productos
Venta registrada. Nuevo stock: 4
]]></system-out>
  </testcase>
  <testcase name="registrarEmprendedor_datosValidos_loAgrega" classname="com.feria.GestorFeriaTest" time="0.005">
    <system-out><![CDATA[Emprendedor registrado: Ana
]]></system-out>
  </testcase>
  <testcase name="registrarVenta_productoInexistente_noRegistraVenta" classname="com.feria.GestorFeriaTest" time="0.002">
    <system-out><![CDATA[Producto no encontrado
]]></system-out>
  </testcase>
  <testcase name="registrarEmprendedor_emailInvalido_noLoAgrega" classname="com.feria.GestorFeriaTest" time="0.002">
    <system-out><![CDATA[Error: datos del emprendedor inválidos
]]></system-out>
  </testcase>
  <testcase name="registrarVenta_stockInsuficiente_noRegistraVenta" classname="com.feria.GestorFeriaTest" time="0.002">
    <system-out><![CDATA[Emprendedor registrado con 1 productos
Stock insuficiente
]]></system-out>
  </testcase>
  <testcase name="registrarVenta_stockSuficiente_descuentaStock" classname="com.feria.GestorFeriaTest" time="0.002">
    <system-out><![CDATA[Emprendedor registrado con 1 productos
Venta registrada. Nuevo stock: 15
]]></system-out>
  </testcase>
  <testcase name="registrarEmprendedor_nombreMuyCorto_noLoAgrega" classname="com.feria.GestorFeriaTest" time="0.002">
    <system-out><![CDATA[Error: datos del emprendedor inválidos
]]></system-out>
  </testcase>
</testsuite>